<?xml version="1.0" encoding="UTF-8"?>
<!-- Generated by org.testng.reporters.JUnitReportReporter -->
<testsuite hostname="DESKTOP-H3V1PO2" failures="0" tests="1" name="com.RSA.Sumvalidation" time="2.161" errors="0" timestamp="2023-02-08T13:38:39 IST" skipped="0">
  <testcase classname="com.RSA.Sumvalidation" name="sumOfCourses" time="2.161"/>
  <system-out/>
</testsuite> <!-- com.RSA.Sumvalidation -->
