<?xml version="1.0" encoding="UTF-8"?>
<!-- Generated by org.testng.reporters.JUnitReportReporter -->
<testsuite hostname="DESKTOP-H3V1PO2" failures="0" tests="1" name="com.LibraryAPI.Jsonwithexternalinputs" time="3.962" errors="0" timestamp="2023-02-09T12:06:30 IST" skipped="0">
  <testcase classname="com.LibraryAPI.Jsonwithexternalinputs" name="addBook" time="3.962"/>
  <system-out/>
</testsuite> <!-- com.LibraryAPI.Jsonwithexternalinputs -->
