<?xml version="1.0" encoding="UTF-8"?>
<!-- Generated by org.testng.reporters.JUnitReportReporter -->
<testsuite hostname="DESKTOP-H3V1PO2" failures="0" tests="3" name="com.LibraryAPI.DynamicJson" time="6.157" errors="0" timestamp="2023-02-09T11:33:03 IST" skipped="0">
  <testcase classname="com.LibraryAPI.DynamicJson" name="addBook" time="0.291"/>
  <system-out/>
  <testcase classname="com.LibraryAPI.DynamicJson" name="addBook" time="5.495"/>
  <system-out/>
  <testcase classname="com.LibraryAPI.DynamicJson" name="addBook" time="0.371"/>
  <system-out/>
</testsuite> <!-- com.LibraryAPI.DynamicJson -->
